<?xml version="1.0" encoding="UTF-8" ?>
<testsuite failures="0" time="4.095" errors="4" skipped="0" tests="4" name="cn.devinkin.test.solrj.TestSolrj">
  <properties>
[...]
</properties>
  <testcase time="1.062" classname="cn.devinkin.test.solrj.TestSolrj" name="searchDocument">
    <error message="Server refused connection at: http://192.168.85.137:8080/solr/collection1" type="org.apache.solr.client.solrj.SolrServerException">org.apache.solr.client.solrj.SolrServerException: Server refused connection at: http://192.168.85.137:8080/solr/collection1
	at org.apache.solr.client.solrj.impl.HttpSolrServer.executeMethod(HttpSolrServer.java:559)
	at org.apache.solr.client.solrj.impl.HttpSolrServer.request(HttpSolrServer.java:210)
	at org.apache.solr.client.solrj.impl.HttpSolrServer.request(HttpSolrServer.java:206)
	at org.apache.solr.client.solrj.request.QueryRequest.process(QueryRequest.java:91)
	at org.apache.solr.client.solrj.SolrServer.query(SolrServer.java:301)
	at cn.devinkin.test.solrj.TestSolrj.searchDocument(TestSolrj.java:79)
	at sun.reflect.NativeMethodAccessorImpl.invoke0(Native Method)
	at sun.reflect.NativeMethodAccessorImpl.invoke(NativeMethodAccessorImpl.java:57)
	at sun.reflect.DelegatingMethodAccessorImpl.invoke(DelegatingMethodAccessorImpl.java:43)
	at java.lang.reflect.Method.invoke(Method.java:606)
	at org.junit.runners.model.FrameworkMethod$1.runReflectiveCall(FrameworkMethod.java:50)
	at org.junit.internal.runners.model.ReflectiveCallable.run(ReflectiveCallable.java:12)
	at org.junit.runners.model.FrameworkMethod.invokeExplosively(FrameworkMethod.java:47)
	at org.junit.internal.runners.statements.InvokeMethod.evaluate(InvokeMethod.java:17)
	at org.junit.runners.ParentRunner.runLeaf(ParentRunner.java:325)
	at org.junit.runners.BlockJUnit4ClassRunner.runChild(BlockJUnit4ClassRunner.java:78)
	at org.junit.runners.BlockJUnit4ClassRunner.runChild(BlockJUnit4ClassRunner.java:57)
	at org.junit.runners.ParentRunner$3.run(ParentRunner.java:290)
	at org.junit.runners.ParentRunner$1.schedule(ParentRunner.java:71)
	at org.junit.runners.ParentRunner.runChildren(ParentRunner.java:288)
	at org.junit.runners.ParentRunner.access$000(ParentRunner.java:58)
	at org.junit.runners.ParentRunner$2.evaluate(ParentRunner.java:268)
	at org.junit.runners.ParentRunner.run(ParentRunner.java:363)
	at org.apache.maven.surefire.junit4.JUnit4Provider.execute(JUnit4Provider.java:252)
	at org.apache.maven.surefire.junit4.JUnit4Provider.executeTestSet(JUnit4Provider.java:141)
	at org.apache.maven.surefire.junit4.JUnit4Provider.invoke(JUnit4Provider.java:112)
	at sun.reflect.NativeMethodAccessorImpl.invoke0(Native Method)
	at sun.reflect.NativeMethodAccessorImpl.invoke(NativeMethodAccessorImpl.java:57)
	at sun.reflect.DelegatingMethodAccessorImpl.invoke(DelegatingMethodAccessorImpl.java:43)
	at java.lang.reflect.Method.invoke(Method.java:606)
	at org.apache.maven.surefire.util.ReflectionUtils.invokeMethodWithArray(ReflectionUtils.java:189)
	at org.apache.maven.surefire.booter.ProviderFactory$ProviderProxy.invoke(ProviderFactory.java:165)
	at org.apache.maven.surefire.booter.ProviderFactory.invokeProvider(ProviderFactory.java:85)
	at org.apache.maven.surefire.booter.ForkedBooter.runSuitesInProcess(ForkedBooter.java:115)
	at org.apache.maven.surefire.booter.ForkedBooter.main(ForkedBooter.java:75)
Caused by: java.net.ConnectException: Connection refused: connect
	at java.net.DualStackPlainSocketImpl.connect0(Native Method)
	at java.net.DualStackPlainSocketImpl.socketConnect(DualStackPlainSocketImpl.java:79)
	at java.net.AbstractPlainSocketImpl.doConnect(AbstractPlainSocketImpl.java:339)
	at java.net.AbstractPlainSocketImpl.connectToAddress(AbstractPlainSocketImpl.java:200)
	at java.net.AbstractPlainSocketImpl.connect(AbstractPlainSocketImpl.java:182)
	at java.net.PlainSocketImpl.connect(PlainSocketImpl.java:172)
	at java.net.SocksSocketImpl.connect(SocksSocketImpl.java:392)
	at java.net.Socket.connect(Socket.java:579)
	at org.apache.http.conn.scheme.PlainSocketFactory.connectSocket(PlainSocketFactory.java:117)
	at org.apache.http.impl.conn.DefaultClientConnectionOperator.openConnection(DefaultClientConnectionOperator.java:177)
	at org.apache.http.impl.conn.ManagedClientConnectionImpl.open(ManagedClientConnectionImpl.java:304)
	at org.apache.http.impl.client.DefaultRequestDirector.tryConnect(DefaultRequestDirector.java:611)
	at org.apache.http.impl.client.DefaultRequestDirector.execute(DefaultRequestDirector.java:446)
	at org.apache.http.impl.client.AbstractHttpClient.doExecute(AbstractHttpClient.java:863)
	at org.apache.http.impl.client.CloseableHttpClient.execute(CloseableHttpClient.java:82)
	at org.apache.http.impl.client.CloseableHttpClient.execute(CloseableHttpClient.java:106)
	at org.apache.http.impl.client.CloseableHttpClient.execute(CloseableHttpClient.java:57)
	at org.apache.solr.client.solrj.impl.HttpSolrServer.executeMethod(HttpSolrServer.java:448)
	... 34 more
</error>
    <system-out>DEBUG [main] - Creating new http client, config:maxConnections=128&amp;maxConnectionsPerHost=32&amp;followRedirects=false
DEBUG [main] - Connection request: [route: {}-&gt;http://192.168.85.137:8080][total kept alive: 0; route allocated: 0 of 32; total allocated: 0 of 128]
DEBUG [main] - Connection leased: [id: 1][route: {}-&gt;http://192.168.85.137:8080][total kept alive: 0; route allocated: 1 of 32; total allocated: 1 of 128]
DEBUG [main] - Connecting to 192.168.85.137:8080
DEBUG [main] - Connection org.apache.http.impl.conn.DefaultClientConnection@5f8678e4 closed
DEBUG [main] - Connection org.apache.http.impl.conn.DefaultClientConnection@5f8678e4 shut down
DEBUG [main] - Connection org.apache.http.impl.conn.DefaultClientConnection@5f8678e4 closed
DEBUG [main] - Connection released: [id: 1][route: {}-&gt;http://192.168.85.137:8080][total kept alive: 0; route allocated: 0 of 32; total allocated: 0 of 128]
</system-out>
  </testcase>
  <testcase time="1.009" classname="cn.devinkin.test.solrj.TestSolrj" name="testDeleteDocumentByQuery">
    <error message="Server refused connection at: http://192.168.85.137:8080/solr/collection1" type="org.apache.solr.client.solrj.SolrServerException">org.apache.solr.client.solrj.SolrServerException: Server refused connection at: http://192.168.85.137:8080/solr/collection1
	at org.apache.solr.client.solrj.impl.HttpSolrServer.executeMethod(HttpSolrServer.java:559)
	at org.apache.solr.client.solrj.impl.HttpSolrServer.request(HttpSolrServer.java:210)
	at org.apache.solr.client.solrj.impl.HttpSolrServer.request(HttpSolrServer.java:206)
	at org.apache.solr.client.solrj.request.AbstractUpdateRequest.process(AbstractUpdateRequest.java:124)
	at org.apache.solr.client.solrj.SolrServer.deleteByQuery(SolrServer.java:285)
	at org.apache.solr.client.solrj.SolrServer.deleteByQuery(SolrServer.java:271)
	at cn.devinkin.test.solrj.TestSolrj.testDeleteDocumentByQuery(TestSolrj.java:52)
	at sun.reflect.NativeMethodAccessorImpl.invoke0(Native Method)
	at sun.reflect.NativeMethodAccessorImpl.invoke(NativeMethodAccessorImpl.java:57)
	at sun.reflect.DelegatingMethodAccessorImpl.invoke(DelegatingMethodAccessorImpl.java:43)
	at java.lang.reflect.Method.invoke(Method.java:606)
	at org.junit.runners.model.FrameworkMethod$1.runReflectiveCall(FrameworkMethod.java:50)
	at org.junit.internal.runners.model.ReflectiveCallable.run(ReflectiveCallable.java:12)
	at org.junit.runners.model.FrameworkMethod.invokeExplosively(FrameworkMethod.java:47)
	at org.junit.internal.runners.statements.InvokeMethod.evaluate(InvokeMethod.java:17)
	at org.junit.runners.ParentRunner.runLeaf(ParentRunner.java:325)
	at org.junit.runners.BlockJUnit4ClassRunner.runChild(BlockJUnit4ClassRunner.java:78)
	at org.junit.runners.BlockJUnit4ClassRunner.runChild(BlockJUnit4ClassRunner.java:57)
	at org.junit.runners.ParentRunner$3.run(ParentRunner.java:290)
	at org.junit.runners.ParentRunner$1.schedule(ParentRunner.java:71)
	at org.junit.runners.ParentRunner.runChildren(ParentRunner.java:288)
	at org.junit.runners.ParentRunner.access$000(ParentRunner.java:58)
	at org.junit.runners.ParentRunner$2.evaluate(ParentRunner.java:268)
	at org.junit.runners.ParentRunner.run(ParentRunner.java:363)
	at org.apache.maven.surefire.junit4.JUnit4Provider.execute(JUnit4Provider.java:252)
	at org.apache.maven.surefire.junit4.JUnit4Provider.executeTestSet(JUnit4Provider.java:141)
	at org.apache.maven.surefire.junit4.JUnit4Provider.invoke(JUnit4Provider.java:112)
	at sun.reflect.NativeMethodAccessorImpl.invoke0(Native Method)
	at sun.reflect.NativeMethodAccessorImpl.invoke(NativeMethodAccessorImpl.java:57)
	at sun.reflect.DelegatingMethodAccessorImpl.invoke(DelegatingMethodAccessorImpl.java:43)
	at java.lang.reflect.Method.invoke(Method.java:606)
	at org.apache.maven.surefire.util.ReflectionUtils.invokeMethodWithArray(ReflectionUtils.java:189)
	at org.apache.maven.surefire.booter.ProviderFactory$ProviderProxy.invoke(ProviderFactory.java:165)
	at org.apache.maven.surefire.booter.ProviderFactory.invokeProvider(ProviderFactory.java:85)
	at org.apache.maven.surefire.booter.ForkedBooter.runSuitesInProcess(ForkedBooter.java:115)
	at org.apache.maven.surefire.booter.ForkedBooter.main(ForkedBooter.java:75)
Caused by: java.net.ConnectException: Connection refused: connect
	at java.net.DualStackPlainSocketImpl.connect0(Native Method)
	at java.net.DualStackPlainSocketImpl.socketConnect(DualStackPlainSocketImpl.java:79)
	at java.net.AbstractPlainSocketImpl.doConnect(AbstractPlainSocketImpl.java:339)
	at java.net.AbstractPlainSocketImpl.connectToAddress(AbstractPlainSocketImpl.java:200)
	at java.net.AbstractPlainSocketImpl.connect(AbstractPlainSocketImpl.java:182)
	at java.net.PlainSocketImpl.connect(PlainSocketImpl.java:172)
	at java.net.SocksSocketImpl.connect(SocksSocketImpl.java:392)
	at java.net.Socket.connect(Socket.java:579)
	at org.apache.http.conn.scheme.PlainSocketFactory.connectSocket(PlainSocketFactory.java:117)
	at org.apache.http.impl.conn.DefaultClientConnectionOperator.openConnection(DefaultClientConnectionOperator.java:177)
	at org.apache.http.impl.conn.ManagedClientConnectionImpl.open(ManagedClientConnectionImpl.java:304)
	at org.apache.http.impl.client.DefaultRequestDirector.tryConnect(DefaultRequestDirector.java:611)
	at org.apache.http.impl.client.DefaultRequestDirector.execute(DefaultRequestDirector.java:446)
	at org.apache.http.impl.client.AbstractHttpClient.doExecute(AbstractHttpClient.java:863)
	at org.apache.http.impl.client.CloseableHttpClient.execute(CloseableHttpClient.java:82)
	at org.apache.http.impl.client.CloseableHttpClient.execute(CloseableHttpClient.java:106)
	at org.apache.http.impl.client.CloseableHttpClient.execute(CloseableHttpClient.java:57)
	at org.apache.solr.client.solrj.impl.HttpSolrServer.executeMethod(HttpSolrServer.java:448)
	... 35 more
</error>
    <system-out>DEBUG [main] - Creating new http client, config:maxConnections=128&amp;maxConnectionsPerHost=32&amp;followRedirects=false
DEBUG [main] - Connection request: [route: {}-&gt;http://192.168.85.137:8080][total kept alive: 0; route allocated: 0 of 32; total allocated: 0 of 128]
DEBUG [main] - Connection leased: [id: 2][route: {}-&gt;http://192.168.85.137:8080][total kept alive: 0; route allocated: 1 of 32; total allocated: 1 of 128]
DEBUG [main] - Connecting to 192.168.85.137:8080
DEBUG [main] - Connection org.apache.http.impl.conn.DefaultClientConnection@347a99fb closed
DEBUG [main] - Connection org.apache.http.impl.conn.DefaultClientConnection@347a99fb shut down
DEBUG [main] - Connection org.apache.http.impl.conn.DefaultClientConnection@347a99fb closed
DEBUG [main] - Connection released: [id: 2][route: {}-&gt;http://192.168.85.137:8080][total kept alive: 0; route allocated: 0 of 32; total allocated: 0 of 128]
</system-out>
  </testcase>
  <testcase time="1.013" classname="cn.devinkin.test.solrj.TestSolrj" name="testAddDocument">
    <error message="Server refused connection at: http://192.168.85.137:8080/solr/collection1" type="org.apache.solr.client.solrj.SolrServerException">org.apache.solr.client.solrj.SolrServerException: Server refused connection at: http://192.168.85.137:8080/solr/collection1
	at org.apache.solr.client.solrj.impl.HttpSolrServer.executeMethod(HttpSolrServer.java:559)
	at org.apache.solr.client.solrj.impl.HttpSolrServer.request(HttpSolrServer.java:210)
	at org.apache.solr.client.solrj.impl.HttpSolrServer.request(HttpSolrServer.java:206)
	at org.apache.solr.client.solrj.request.AbstractUpdateRequest.process(AbstractUpdateRequest.java:124)
	at org.apache.solr.client.solrj.SolrServer.add(SolrServer.java:116)
	at org.apache.solr.client.solrj.SolrServer.add(SolrServer.java:102)
	at cn.devinkin.test.solrj.TestSolrj.testAddDocument(TestSolrj.java:36)
	at sun.reflect.NativeMethodAccessorImpl.invoke0(Native Method)
	at sun.reflect.NativeMethodAccessorImpl.invoke(NativeMethodAccessorImpl.java:57)
	at sun.reflect.DelegatingMethodAccessorImpl.invoke(DelegatingMethodAccessorImpl.java:43)
	at java.lang.reflect.Method.invoke(Method.java:606)
	at org.junit.runners.model.FrameworkMethod$1.runReflectiveCall(FrameworkMethod.java:50)
	at org.junit.internal.runners.model.ReflectiveCallable.run(ReflectiveCallable.java:12)
	at org.junit.runners.model.FrameworkMethod.invokeExplosively(FrameworkMethod.java:47)
	at org.junit.internal.runners.statements.InvokeMethod.evaluate(InvokeMethod.java:17)
	at org.junit.runners.ParentRunner.runLeaf(ParentRunner.java:325)
	at org.junit.runners.BlockJUnit4ClassRunner.runChild(BlockJUnit4ClassRunner.java:78)
	at org.junit.runners.BlockJUnit4ClassRunner.runChild(BlockJUnit4ClassRunner.java:57)
	at org.junit.runners.ParentRunner$3.run(ParentRunner.java:290)
	at org.junit.runners.ParentRunner$1.schedule(ParentRunner.java:71)
	at org.junit.runners.ParentRunner.runChildren(ParentRunner.java:288)
	at org.junit.runners.ParentRunner.access$000(ParentRunner.java:58)
	at org.junit.runners.ParentRunner$2.evaluate(ParentRunner.java:268)
	at org.junit.runners.ParentRunner.run(ParentRunner.java:363)
	at org.apache.maven.surefire.junit4.JUnit4Provider.execute(JUnit4Provider.java:252)
	at org.apache.maven.surefire.junit4.JUnit4Provider.executeTestSet(JUnit4Provider.java:141)
	at org.apache.maven.surefire.junit4.JUnit4Provider.invoke(JUnit4Provider.java:112)
	at sun.reflect.NativeMethodAccessorImpl.invoke0(Native Method)
	at sun.reflect.NativeMethodAccessorImpl.invoke(NativeMethodAccessorImpl.java:57)
	at sun.reflect.DelegatingMethodAccessorImpl.invoke(DelegatingMethodAccessorImpl.java:43)
	at java.lang.reflect.Method.invoke(Method.java:606)
	at org.apache.maven.surefire.util.ReflectionUtils.invokeMethodWithArray(ReflectionUtils.java:189)
	at org.apache.maven.surefire.booter.ProviderFactory$ProviderProxy.invoke(ProviderFactory.java:165)
	at org.apache.maven.surefire.booter.ProviderFactory.invokeProvider(ProviderFactory.java:85)
	at org.apache.maven.surefire.booter.ForkedBooter.runSuitesInProcess(ForkedBooter.java:115)
	at org.apache.maven.surefire.booter.ForkedBooter.main(ForkedBooter.java:75)
Caused by: java.net.ConnectException: Connection refused: connect
	at java.net.DualStackPlainSocketImpl.connect0(Native Method)
	at java.net.DualStackPlainSocketImpl.socketConnect(DualStackPlainSocketImpl.java:79)
	at java.net.AbstractPlainSocketImpl.doConnect(AbstractPlainSocketImpl.java:339)
	at java.net.AbstractPlainSocketImpl.connectToAddress(AbstractPlainSocketImpl.java:200)
	at java.net.AbstractPlainSocketImpl.connect(AbstractPlainSocketImpl.java:182)
	at java.net.PlainSocketImpl.connect(PlainSocketImpl.java:172)
	at java.net.SocksSocketImpl.connect(SocksSocketImpl.java:392)
	at java.net.Socket.connect(Socket.java:579)
	at org.apache.http.conn.scheme.PlainSocketFactory.connectSocket(PlainSocketFactory.java:117)
	at org.apache.http.impl.conn.DefaultClientConnectionOperator.openConnection(DefaultClientConnectionOperator.java:177)
	at org.apache.http.impl.conn.ManagedClientConnectionImpl.open(ManagedClientConnectionImpl.java:304)
	at org.apache.http.impl.client.DefaultRequestDirector.tryConnect(DefaultRequestDirector.java:611)
	at org.apache.http.impl.client.DefaultRequestDirector.execute(DefaultRequestDirector.java:446)
	at org.apache.http.impl.client.AbstractHttpClient.doExecute(AbstractHttpClient.java:863)
	at org.apache.http.impl.client.CloseableHttpClient.execute(CloseableHttpClient.java:82)
	at org.apache.http.impl.client.CloseableHttpClient.execute(CloseableHttpClient.java:106)
	at org.apache.http.impl.client.CloseableHttpClient.execute(CloseableHttpClient.java:57)
	at org.apache.solr.client.solrj.impl.HttpSolrServer.executeMethod(HttpSolrServer.java:448)
	... 35 more
</error>
    <system-out>DEBUG [main] - Creating new http client, config:maxConnections=128&amp;maxConnectionsPerHost=32&amp;followRedirects=false
DEBUG [main] - Connection request: [route: {}-&gt;http://192.168.85.137:8080][total kept alive: 0; route allocated: 0 of 32; total allocated: 0 of 128]
DEBUG [main] - Connection leased: [id: 3][route: {}-&gt;http://192.168.85.137:8080][total kept alive: 0; route allocated: 1 of 32; total allocated: 1 of 128]
DEBUG [main] - Connecting to 192.168.85.137:8080
DEBUG [main-SendThread(192.168.85.137:2183)] - Got ping response for sessionid: 0x3661138096a0000 after 1ms
DEBUG [main] - Connection org.apache.http.impl.conn.DefaultClientConnection@3621767f closed
DEBUG [main] - Connection org.apache.http.impl.conn.DefaultClientConnection@3621767f shut down
DEBUG [main] - Connection org.apache.http.impl.conn.DefaultClientConnection@3621767f closed
DEBUG [main] - Connection released: [id: 3][route: {}-&gt;http://192.168.85.137:8080][total kept alive: 0; route allocated: 0 of 32; total allocated: 0 of 128]
</system-out>
  </testcase>
  <testcase time="1.011" classname="cn.devinkin.test.solrj.TestSolrj" name="testDeleteDocumentById">
    <error message="Server refused connection at: http://192.168.85.137:8080/solr/collection1" type="org.apache.solr.client.solrj.SolrServerException">org.apache.solr.client.solrj.SolrServerException: Server refused connection at: http://192.168.85.137:8080/solr/collection1
	at org.apache.solr.client.solrj.impl.HttpSolrServer.executeMethod(HttpSolrServer.java:559)
	at org.apache.solr.client.solrj.impl.HttpSolrServer.request(HttpSolrServer.java:210)
	at org.apache.solr.client.solrj.impl.HttpSolrServer.request(HttpSolrServer.java:206)
	at org.apache.solr.client.solrj.request.AbstractUpdateRequest.process(AbstractUpdateRequest.java:124)
	at org.apache.solr.client.solrj.SolrServer.deleteById(SolrServer.java:239)
	at org.apache.solr.client.solrj.SolrServer.deleteById(SolrServer.java:225)
	at cn.devinkin.test.solrj.TestSolrj.testDeleteDocumentById(TestSolrj.java:44)
	at sun.reflect.NativeMethodAccessorImpl.invoke0(Native Method)
	at sun.reflect.NativeMethodAccessorImpl.invoke(NativeMethodAccessorImpl.java:57)
	at sun.reflect.DelegatingMethodAccessorImpl.invoke(DelegatingMethodAccessorImpl.java:43)
	at java.lang.reflect.Method.invoke(Method.java:606)
	at org.junit.runners.model.FrameworkMethod$1.runReflectiveCall(FrameworkMethod.java:50)
	at org.junit.internal.runners.model.ReflectiveCallable.run(ReflectiveCallable.java:12)
	at org.junit.runners.model.FrameworkMethod.invokeExplosively(FrameworkMethod.java:47)
	at org.junit.internal.runners.statements.InvokeMethod.evaluate(InvokeMethod.java:17)
	at org.junit.runners.ParentRunner.runLeaf(ParentRunner.java:325)
	at org.junit.runners.BlockJUnit4ClassRunner.runChild(BlockJUnit4ClassRunner.java:78)
	at org.junit.runners.BlockJUnit4ClassRunner.runChild(BlockJUnit4ClassRunner.java:57)
	at org.junit.runners.ParentRunner$3.run(ParentRunner.java:290)
	at org.junit.runners.ParentRunner$1.schedule(ParentRunner.java:71)
	at org.junit.runners.ParentRunner.runChildren(ParentRunner.java:288)
	at org.junit.runners.ParentRunner.access$000(ParentRunner.java:58)
	at org.junit.runners.ParentRunner$2.evaluate(ParentRunner.java:268)
	at org.junit.runners.ParentRunner.run(ParentRunner.java:363)
	at org.apache.maven.surefire.junit4.JUnit4Provider.execute(JUnit4Provider.java:252)
	at org.apache.maven.surefire.junit4.JUnit4Provider.executeTestSet(JUnit4Provider.java:141)
	at org.apache.maven.surefire.junit4.JUnit4Provider.invoke(JUnit4Provider.java:112)
	at sun.reflect.NativeMethodAccessorImpl.invoke0(Native Method)
	at sun.reflect.NativeMethodAccessorImpl.invoke(NativeMethodAccessorImpl.java:57)
	at sun.reflect.DelegatingMethodAccessorImpl.invoke(DelegatingMethodAccessorImpl.java:43)
	at java.lang.reflect.Method.invoke(Method.java:606)
	at org.apache.maven.surefire.util.ReflectionUtils.invokeMethodWithArray(ReflectionUtils.java:189)
	at org.apache.maven.surefire.booter.ProviderFactory$ProviderProxy.invoke(ProviderFactory.java:165)
	at org.apache.maven.surefire.booter.ProviderFactory.invokeProvider(ProviderFactory.java:85)
	at org.apache.maven.surefire.booter.ForkedBooter.runSuitesInProcess(ForkedBooter.java:115)
	at org.apache.maven.surefire.booter.ForkedBooter.main(ForkedBooter.java:75)
Caused by: java.net.ConnectException: Connection refused: connect
	at java.net.DualStackPlainSocketImpl.connect0(Native Method)
	at java.net.DualStackPlainSocketImpl.socketConnect(DualStackPlainSocketImpl.java:79)
	at java.net.AbstractPlainSocketImpl.doConnect(AbstractPlainSocketImpl.java:339)
	at java.net.AbstractPlainSocketImpl.connectToAddress(AbstractPlainSocketImpl.java:200)
	at java.net.AbstractPlainSocketImpl.connect(AbstractPlainSocketImpl.java:182)
	at java.net.PlainSocketImpl.connect(PlainSocketImpl.java:172)
	at java.net.SocksSocketImpl.connect(SocksSocketImpl.java:392)
	at java.net.Socket.connect(Socket.java:579)
	at org.apache.http.conn.scheme.PlainSocketFactory.connectSocket(PlainSocketFactory.java:117)
	at org.apache.http.impl.conn.DefaultClientConnectionOperator.openConnection(DefaultClientConnectionOperator.java:177)
	at org.apache.http.impl.conn.ManagedClientConnectionImpl.open(ManagedClientConnectionImpl.java:304)
	at org.apache.http.impl.client.DefaultRequestDirector.tryConnect(DefaultRequestDirector.java:611)
	at org.apache.http.impl.client.DefaultRequestDirector.execute(DefaultRequestDirector.java:446)
	at org.apache.http.impl.client.AbstractHttpClient.doExecute(AbstractHttpClient.java:863)
	at org.apache.http.impl.client.CloseableHttpClient.execute(CloseableHttpClient.java:82)
	at org.apache.http.impl.client.CloseableHttpClient.execute(CloseableHttpClient.java:106)
	at org.apache.http.impl.client.CloseableHttpClient.execute(CloseableHttpClient.java:57)
	at org.apache.solr.client.solrj.impl.HttpSolrServer.executeMethod(HttpSolrServer.java:448)
	... 35 more
</error>
    <system-out>DEBUG [main] - Creating new http client, config:maxConnections=128&amp;maxConnectionsPerHost=32&amp;followRedirects=false
DEBUG [main] - Connection request: [route: {}-&gt;http://192.168.85.137:8080][total kept alive: 0; route allocated: 0 of 32; total allocated: 0 of 128]
DEBUG [main] - Connection leased: [id: 4][route: {}-&gt;http://192.168.85.137:8080][total kept alive: 0; route allocated: 1 of 32; total allocated: 1 of 128]
DEBUG [main] - Connecting to 192.168.85.137:8080
DEBUG [main] - Connection org.apache.http.impl.conn.DefaultClientConnection@19aa1efe closed
DEBUG [main] - Connection org.apache.http.impl.conn.DefaultClientConnection@19aa1efe shut down
DEBUG [main] - Connection org.apache.http.impl.conn.DefaultClientConnection@19aa1efe closed
DEBUG [main] - Connection released: [id: 4][route: {}-&gt;http://192.168.85.137:8080][total kept alive: 0; route allocated: 0 of 32; total allocated: 0 of 128]
</system-out>
  </testcase>
</testsuite>